\BOOKMARK [0][-]{chapter.1}{\376\377\000I\000n\000t\000r\000o\000d\000u\000c\000c\000i\000\363\000n}{}% 1
\BOOKMARK [1][-]{section.1.1}{\376\377\000O\000b\000j\000e\000t\000i\000v\000o\000\040\000d\000e\000l\000\040\000M\000a\000n\000u\000a\000l\000\040}{chapter.1}% 2
\BOOKMARK [1][-]{section.1.2}{\376\377\000D\000e\000s\000c\000r\000i\000p\000c\000i\000\363\000n\000\040\000y\000\040\000p\000r\000o\000p\000o\000s\000i\000t\000o}{chapter.1}% 3
\BOOKMARK [1][-]{section.1.3}{\376\377\000U\000s\000u\000a\000r\000i\000o\000s\000\040\000p\000r\000i\000n\000c\000i\000p\000a\000l\000e\000s}{chapter.1}% 4
\BOOKMARK [1][-]{section.1.4}{\376\377\000C\000o\000n\000f\000i\000g\000u\000r\000a\000c\000i\000\363\000n\000\040\000d\000e\000l\000\040\000s\000i\000s\000t\000e\000m\000a}{chapter.1}% 5
\BOOKMARK [1][-]{section.1.5}{\376\377\000I\000n\000i\000c\000i\000o\000\040\000d\000e\000\040\000s\000e\000s\000i\000\363\000n}{chapter.1}% 6
\BOOKMARK [2][-]{subsection.1.5.1}{\376\377\000A\000c\000c\000e\000s\000o\000\040\000s\000e\000g\000\372\000n\000\040\000r\000o\000l\000\040\000d\000e\000\040\000u\000s\000u\000a\000r\000i\000o}{section.1.5}% 7
\BOOKMARK [2][-]{subsection.1.5.2}{\376\377\000P\000r\000o\000c\000e\000s\000o\000\040\000d\000e\000\040\000i\000n\000i\000c\000i\000o\000\040\000d\000e\000\040\000s\000e\000s\000i\000\363\000n}{section.1.5}% 8
\BOOKMARK [2][-]{subsection.1.5.3}{\376\377\000R\000e\000c\000u\000p\000e\000r\000a\000c\000i\000\363\000n\000\040\000d\000e\000\040\000C\000o\000n\000t\000r\000a\000s\000e\000\361\000a\000\040}{section.1.5}% 9
\BOOKMARK [2][-]{subsection.1.5.4}{\376\377\000R\000e\000c\000o\000m\000e\000n\000d\000a\000c\000i\000o\000n\000e\000s\000\040\000d\000e\000\040\000s\000e\000g\000u\000r\000i\000d\000a\000d}{section.1.5}% 10
\BOOKMARK [0][-]{chapter.2}{\376\377\000A\000l\000m\000a\000c\000e\000n}{}% 11
\BOOKMARK [1][-]{section.2.1}{\376\377\000P\000a\000n\000e\000l\000\040\000p\000r\000i\000n\000c\000i\000p\000a\000l\000-\000D\000a\000s\000h\000b\000o\000a\000r\000d}{chapter.2}% 12
\BOOKMARK [2][-]{subsection.2.1.1}{\376\377\000C\000a\000r\000a\000c\000t\000e\000r\000\355\000s\000t\000i\000c\000a\000s\000\040\000d\000e\000\040\000l\000a\000\040\000P\000e\000s\000t\000a\000\361\000a\000\040\000I\000n\000i\000c\000i\000o}{section.2.1}% 13
\BOOKMARK [2][-]{subsection.2.1.2}{\376\377\000E\000l\000e\000m\000e\000n\000t\000o\000s\000\040\000c\000o\000m\000u\000n\000e\000s\000\040\000d\000e\000l\000\040\000d\000a\000s\000h\000b\000o\000a\000r\000d\000\040}{section.2.1}% 14
\BOOKMARK [2][-]{subsection.2.1.3}{\376\377\000F\000u\000n\000c\000i\000o\000n\000a\000l\000i\000d\000a\000d\000e\000s\000\040\000p\000a\000r\000a\000\040\000a\000l\000m\000a\000c\000\351\000n}{section.2.1}% 15
\BOOKMARK [1][-]{section.2.2}{\376\377\000I\000n\000v\000e\000n\000t\000a\000r\000i\000o}{chapter.2}% 16
\BOOKMARK [2][-]{subsection.2.2.1}{\376\377\000C\000r\000e\000a\000c\000i\000\363\000n\000\040\000d\000e\000\040\000u\000n\000\040\000n\000u\000e\000v\000o\000\040\000p\000r\000o\000d\000u\000c\000t\000o}{section.2.2}% 17
\BOOKMARK [2][-]{subsection.2.2.2}{\376\377\000A\000c\000t\000u\000a\000l\000i\000z\000a\000c\000i\000\363\000n\000\040\000d\000e\000\040\000p\000r\000o\000d\000u\000c\000t\000o\000s\000\040\000e\000x\000i\000s\000t\000e\000n\000t\000e\000s}{section.2.2}% 18
\BOOKMARK [2][-]{subsection.2.2.3}{\376\377\000E\000l\000i\000m\000i\000n\000a\000r\000\040\000u\000n\000\040\000p\000r\000o\000d\000u\000c\000t\000o}{section.2.2}% 19
\BOOKMARK [1][-]{section.2.3}{\376\377\000M\000o\000v\000i\000m\000i\000e\000n\000t\000o\000s}{chapter.2}% 20
\BOOKMARK [2][-]{subsection.2.3.1}{\376\377\000M\000o\000v\000i\000m\000i\000e\000n\000t\000o\000s\000\040\000I\000n\000d\000i\000v\000i\000d\000u\000a\000l\000e\000s}{section.2.3}% 21
\BOOKMARK [1][-]{section.2.4}{\376\377\000D\000e\000s\000c\000a\000r\000g\000a\000\040\000d\000e\000\040\000M\000o\000v\000i\000m\000i\000e\000n\000t\000o\000s}{chapter.2}% 22
\BOOKMARK [1][-]{section.2.5}{\376\377\000M\000o\000v\000i\000m\000i\000e\000n\000t\000o\000s\000\040\000M\000\372\000l\000t\000i\000p\000l\000e\000s}{chapter.2}% 23
\BOOKMARK [1][-]{section.2.6}{\376\377\000D\000e\000s\000p\000a\000c\000h\000a\000d\000o\000\040\000d\000e\000\040\000S\000o\000l\000i\000c\000i\000t\000u\000d\000e\000s\000\040\000d\000e\000\040\000M\000a\000t\000e\000r\000i\000a\000l}{chapter.2}% 24
\BOOKMARK [2][-]{subsection.2.6.1}{\376\377\000I\000n\000f\000o\000r\000m\000a\000c\000i\000\363\000n\000\040\000d\000e\000\040\000l\000a\000\040\000S\000o\000l\000i\000c\000i\000t\000u\000d}{section.2.6}% 25
\BOOKMARK [2][-]{subsection.2.6.2}{\376\377\000P\000r\000o\000d\000u\000c\000t\000o\000s\000\040\000a\000\040\000l\000a\000\040\000O\000r\000d\000e\000n}{section.2.6}% 26
\BOOKMARK [2][-]{subsection.2.6.3}{\376\377\000A\000c\000c\000i\000o\000n\000e\000s}{section.2.6}% 27
\BOOKMARK [2][-]{subsection.2.6.4}{\376\377\000L\000i\000s\000t\000a\000\040\000d\000e\000\040\000S\000o\000l\000i\000c\000i\000t\000u\000d\000e\000s\000\040\000d\000e\000\040\000M\000a\000t\000e\000r\000i\000a\000l}{section.2.6}% 28
\BOOKMARK [1][-]{section.2.7}{\376\377\000P\000r\000o\000c\000e\000s\000a\000m\000i\000e\000n\000t\000o\000\040\000d\000e\000\040\000S\000o\000l\000i\000c\000i\000t\000u\000d\000\040\000d\000e\000\040\000M\000a\000t\000e\000r\000i\000a\000l\000\040\000\050\000S\000M\000\051}{chapter.2}% 29
\BOOKMARK [2][-]{subsection.2.7.1}{\376\377\000I\000n\000f\000o\000r\000m\000a\000c\000i\000\363\000n\000\040\000G\000e\000n\000e\000r\000a\000l\000\040\000d\000e\000\040\000l\000a\000\040\000S\000o\000l\000i\000c\000i\000t\000u\000d}{section.2.7}% 30
\BOOKMARK [2][-]{subsection.2.7.2}{\376\377\000P\000r\000o\000g\000r\000e\000s\000o\000\040\000d\000e\000\040\000l\000a\000\040\000S\000M\000\040\000\050\000l\000a\000d\000o\000\040\000d\000e\000r\000e\000c\000h\000o\000\051}{section.2.7}% 31
\BOOKMARK [2][-]{subsection.2.7.3}{\376\377\000R\000e\000s\000u\000m\000e\000n\000\040\000d\000e\000\040\000C\000a\000n\000t\000i\000d\000a\000d\000e\000s}{section.2.7}% 32
\BOOKMARK [2][-]{subsection.2.7.4}{\376\377\000A\000c\000c\000i\000o\000n\000e\000s\000\040\000d\000e\000l\000\040\000\315\000t\000e\000m}{section.2.7}% 33
\BOOKMARK [2][-]{subsection.2.7.5}{\376\377\000B\000o\000t\000\363\000n\000\040\000C\000o\000n\000f\000i\000r\000m\000a\000r\000\040\000R\000e\000s\000e\000r\000v\000a\000c\000i\000\363\000n}{section.2.7}% 34
\BOOKMARK [2][-]{subsection.2.7.6}{\376\377\000B\000o\000t\000\363\000n\000\040\000G\000e\000n\000e\000r\000a\000r\000\040\000O\000r\000d\000e\000n\000\040\000d\000e\000\040\000C\000o\000m\000p\000r\000a}{section.2.7}% 35
\BOOKMARK [2][-]{subsection.2.7.7}{\376\377\000A\000c\000c\000i\000o\000n\000e\000s\000\040\000G\000l\000o\000b\000a\000l\000e\000s}{section.2.7}% 36
\BOOKMARK [1][-]{section.2.8}{\376\377\000V\000a\000l\000e\000s\000\040\000\050\000F\000l\000u\000j\000o\000\040\000d\000e\000\040\000D\000e\000s\000p\000a\000c\000h\000o\000\040\000y\000\040\000A\000p\000r\000o\000b\000a\000c\000i\000\363\000n\000\051}{chapter.2}% 37
\BOOKMARK [2][-]{subsection.2.8.1}{\376\377\000I\000m\000p\000o\000r\000t\000a\000n\000c\000i\000a\000\040\000d\000e\000l\000\040\000D\000e\000s\000p\000a\000c\000h\000o\000\040\000p\000o\000r\000\040\000A\000l\000m\000a\000c\000\351\000n\000\040\000G\000e\000n\000e\000r\000a\000l}{section.2.8}% 38
\BOOKMARK [2][-]{subsection.2.8.2}{\376\377\000S\000e\000c\000c\000i\000o\000n\000e\000s\000\040\000D\000i\000s\000p\000o\000n\000i\000b\000l\000e\000s}{section.2.8}% 39
\BOOKMARK [1][-]{section.2.9}{\376\377\000V\000a\000l\000e\000\040\000d\000e\000\040\000S\000e\000g\000u\000r\000i\000d\000a\000d\000\040\000\050\000D\000e\000s\000p\000a\000c\000h\000o\000\051}{chapter.2}% 40
\BOOKMARK [2][-]{subsection.2.9.1}{\376\377\000B\000o\000t\000\363\000n\000\040\000d\000e\000\040\000A\000c\000c\000i\000o\000n\000e\000s\000:\000\040\000R\000e\000v\000i\000s\000i\000\363\000n\000\040\000y\000\040\000D\000e\000s\000p\000a\000c\000h\000o}{section.2.9}% 41
\BOOKMARK [2][-]{subsection.2.9.2}{\376\377\000C\000o\000n\000t\000e\000n\000i\000d\000o\000\040\000d\000e\000\040\000l\000a\000\040\000V\000e\000n\000t\000a\000n\000a\000\040\000E\000m\000e\000r\000g\000e\000n\000t\000e\000:\000\040\000\315\000t\000e\000m\000s\000\040\000d\000e\000\040\000l\000a\000\040\000S\000o\000l\000i\000c\000i\000t\000u\000d}{section.2.9}% 42
\BOOKMARK [2][-]{subsection.2.9.3}{\376\377\000F\000l\000u\000j\000o\000\040\000d\000e\000\040\000A\000p\000r\000o\000b\000a\000c\000i\000\363\000n\000\040\000P\000r\000e\000v\000i\000o}{section.2.9}% 43
\BOOKMARK [2][-]{subsection.2.9.4}{\376\377\000R\000o\000l\000\040\000d\000e\000l\000\040\000A\000l\000m\000a\000c\000\351\000n\000\040\000G\000e\000n\000e\000r\000a\000l}{section.2.9}% 44
\BOOKMARK [1][-]{section.2.10}{\376\377\000V\000a\000l\000e\000\040\000d\000e\000\040\000H\000e\000r\000r\000a\000m\000i\000e\000n\000t\000a\000s\000\040\000\050\000D\000e\000s\000p\000a\000c\000h\000o\000\051}{chapter.2}% 45
\BOOKMARK [2][-]{subsection.2.10.1}{\376\377\000C\000a\000m\000p\000o\000s\000\040\000d\000e\000\040\000l\000a\000\040\000T\000a\000b\000l\000a\000:\000\040\000V\000a\000l\000e\000\040\000d\000e\000\040\000H\000e\000r\000r\000a\000m\000i\000e\000n\000t\000a\000s\000\040\000y\000\040\000E\000q\000u\000i\000p\000o}{section.2.10}% 46
\BOOKMARK [2][-]{subsection.2.10.2}{\376\377\000B\000o\000t\000\363\000n\000\040\000d\000e\000\040\000A\000c\000c\000i\000o\000n\000e\000s\000:\000\040\000R\000e\000v\000i\000s\000i\000\363\000n\000\040\000y\000\040\000D\000e\000s\000p\000a\000c\000h\000o}{section.2.10}% 47
\BOOKMARK [2][-]{subsection.2.10.3}{\376\377\000C\000o\000n\000t\000e\000n\000i\000d\000o\000\040\000d\000e\000\040\000l\000a\000\040\000V\000e\000n\000t\000a\000n\000a\000\040\000E\000m\000e\000r\000g\000e\000n\000t\000e\000:\000\040\000\315\000t\000e\000m\000s\000\040\000d\000e\000\040\000l\000a\000\040\000S\000o\000l\000i\000c\000i\000t\000u\000d\000\040\000\050\000H\000e\000r\000r\000a\000m\000i\000e\000n\000t\000a\000s\000\051}{section.2.10}% 48
\BOOKMARK [2][-]{subsection.2.10.4}{\376\377\000H\000i\000s\000t\000o\000r\000i\000a\000l\000\040\000d\000e\000\040\000E\000v\000e\000n\000t\000o\000s}{section.2.10}% 49
\BOOKMARK [2][-]{subsection.2.10.5}{\376\377\000C\000a\000m\000p\000o\000s\000\040\000d\000e\000\040\000l\000a\000\040\000T\000a\000b\000l\000a\000:\000\040\000V\000a\000l\000e\000\040\000d\000e\000\040\000H\000e\000r\000r\000a\000m\000i\000e\000n\000t\000a\000s\000\040\000y\000\040\000E\000q\000u\000i\000p\000o}{section.2.10}% 50
\BOOKMARK [1][-]{section.2.11}{\376\377\000H\000e\000r\000r\000a\000m\000i\000e\000n\000t\000a\000s\000\040\000P\000r\000e\000s\000t\000a\000d\000a\000s}{chapter.2}% 51
\BOOKMARK [2][-]{subsection.2.11.1}{\376\377\000E\000s\000t\000r\000u\000c\000t\000u\000r\000a\000\040\000d\000e\000\040\000l\000a\000\040\000V\000e\000n\000t\000a\000n\000a}{section.2.11}% 52
\BOOKMARK [0][-]{chapter.3}{\376\377\000A\000d\000m\000i\000n\000i\000s\000t\000r\000a\000c\000i\000\363\000n}{}% 53
\BOOKMARK [1][-]{subsection.3.0.1}{\376\377\0003\000.\0001\000\040\000B\000a\000s\000e\000\040\000d\000e\000\040\000d\000a\000t\000o\000s}{chapter.3}% 54
\BOOKMARK [2][-]{subsection.3.0.2}{\376\377\000C\000r\000e\000a\000r\000\040\000C\000l\000i\000e\000n\000t\000e}{subsection.3.0.1}% 55
\BOOKMARK [2][-]{subsection.3.0.3}{\376\377\000V\000i\000s\000u\000a\000l\000i\000z\000a\000c\000i\000\363\000n\000\040\000d\000e\000\040\000C\000l\000i\000e\000n\000t\000e\000s\000\040\000R\000e\000g\000i\000s\000t\000r\000a\000d\000o\000s}{subsection.3.0.1}% 56
\BOOKMARK [2][-]{subsection.3.0.4}{\376\377\0003\000.\0002\000\040\000C\000o\000n\000t\000r\000a\000t\000o\000s}{subsection.3.0.1}% 57
\BOOKMARK [2][-]{subsection.3.0.5}{\376\377\0003\000.\0003\000\040\000\323\000r\000d\000e\000n\000e\000s\000\040\000d\000e\000\040\000c\000o\000m\000p\000r\000a}{subsection.3.0.1}% 58
\BOOKMARK [2][-]{subsection.3.0.6}{\376\377\0003\000.\0004\000\040\000E\000n\000t\000r\000e\000g\000a\000s\000\040\000d\000e\000\040\000S\000o\000l\000i\000c\000i\000t\000u\000d\000e\000s\000\040\000d\000e\000\040\000m\000a\000t\000e\000r\000i\000a\000l\000\040\000\050\000S\000M\000\051}{subsection.3.0.1}% 59
\BOOKMARK [2][-]{subsection.3.0.7}{\376\377\000I\000t\000e\000m\000s\000\040\000y\000\040\000E\000n\000t\000r\000e\000g\000a\000s}{subsection.3.0.1}% 60
\BOOKMARK [0][-]{chapter.4}{\376\377\000A\000l\000m\000a\000c\000\351\000n\000\040\000d\000e\000\040\000P\000r\000o\000d\000u\000c\000t\000o\000s\000\040\000d\000e\000\040\000S\000e\000g\000u\000r\000i\000d\000a\000d\000\040\000\050\000E\000P\000P\000\051}{}% 61
\BOOKMARK [1][-]{subsection.4.0.1}{\376\377\000I\000n\000v\000e\000n\000t\000a\000r\000i\000o\000\040\000d\000e\000\040\000p\000r\000o\000d\000u\000c\000t\000o\000s\000\040\000d\000e\000\040\000S\000e\000g\000u\000r\000i\000d\000a\000d\000\040\000\050\000E\000P\000P\000\051}{chapter.4}% 62
\BOOKMARK [2][-]{subsection.4.0.2}{\376\377\000A\000p\000r\000o\000b\000a\000r\000\040\000V\000a\000l\000e\000s\000\040\000d\000e\000\040\000S\000e\000g\000u\000r\000i\000d\000a\000d}{subsection.4.0.1}% 63
\BOOKMARK [2][-]{subsection.4.0.3}{\376\377\000A\000p\000r\000o\000b\000a\000c\000i\000\363\000n\000\040\000d\000e\000\040\000v\000a\000l\000e\000s\000\040\000d\000e\000\040\000s\000e\000g\000u\000r\000i\000d\000a\000d\000:\000\040\000f\000l\000u\000j\000o\000\040\000o\000p\000e\000r\000a\000t\000i\000v\000o}{subsection.4.0.1}% 64
\BOOKMARK [2][-]{subsection.4.0.4}{\376\377\000F\000l\000u\000j\000o\000\040\000o\000p\000e\000r\000a\000t\000i\000v\000o\000\040\000d\000e\000\040\000a\000p\000r\000o\000b\000a\000c\000i\000\363\000n\000\040\000d\000e\000\040\000v\000a\000l\000e\000s}{subsection.4.0.1}% 65
\BOOKMARK [0][-]{chapter.5}{\376\377\000C\000a\000r\000g\000o\000s}{}% 66
\BOOKMARK [1][-]{section.5.1}{\376\377\000A\000s\000i\000g\000n\000a\000c\000i\000\363\000n\000\040\000d\000e\000\040\000c\000a\000r\000g\000o\000s}{chapter.5}% 67
\BOOKMARK [2][-]{subsection.5.1.1}{\376\377\000L\000i\000s\000t\000a\000\040\000d\000e\000\040\000l\000\355\000d\000e\000r\000e\000s\000\040\000y\000\040\000g\000e\000r\000e\000n\000t\000e\000s\000\040\000c\000o\000n\000\040\000s\000u\000s\000\040\000c\000a\000r\000g\000o\000s}{section.5.1}% 68
\BOOKMARK [2][-]{subsection.5.1.2}{\376\377\000E\000d\000i\000t\000a\000r\000\040\000c\000a\000r\000g\000o}{section.5.1}% 69
\BOOKMARK [0][-]{chapter.6}{\376\377\000C\000o\000m\000\372\000n}{}% 70
\BOOKMARK [1][-]{subsection.6.0.1}{\376\377\000C\000o\000m\000\372\000n}{chapter.6}% 71
\BOOKMARK [2][-]{subsection.6.0.2}{\376\377\000T\000a\000r\000e\000a\000s}{subsection.6.0.1}% 72
\BOOKMARK [2][-]{subsection.6.0.3}{\376\377\000D\000e\000s\000c\000a\000r\000g\000a\000\040\000d\000e\000\040\000N\000\363\000m\000i\000n\000a}{subsection.6.0.1}% 73
\BOOKMARK [0][-]{chapter.7}{\376\377\000O\000p\000e\000r\000a\000c\000i\000o\000n\000e\000s}{}% 74
\BOOKMARK [1][-]{subsection.7.0.1}{\376\377\000V\000a\000l\000e\000s}{chapter.7}% 75
\BOOKMARK [0][-]{chapter.8}{\376\377\000P\000r\000i\000n\000c\000i\000p\000a\000l\000e\000s\000\040\000P\000r\000o\000c\000e\000s\000o\000s}{}% 76
\BOOKMARK [1][-]{subsection.8.0.1}{\376\377\000F\000l\000u\000j\000o\000\040\000d\000e\000\040\000v\000a\000l\000i\000d\000a\000c\000i\000\363\000n\000\040\000d\000e\000\040\000v\000a\000l\000e\000s}{chapter.8}% 77
\BOOKMARK [1][-]{section.8.1}{\376\377\000E\000s\000c\000a\000n\000e\000r}{chapter.8}% 78
